[2026-02-23T01:42:10.448+0000] {taskinstance.py:1979} INFO - Dependencies all met for dep_context=non-requeueable deps ti=<TaskInstance: glaive_data_pipeline.data_acquisition manual__2026-02-23T01:32:05.715044+00:00 [queued]>
[2026-02-23T01:42:10.450+0000] {taskinstance.py:1979} INFO - Dependencies all met for dep_context=requeueable deps ti=<TaskInstance: glaive_data_pipeline.data_acquisition manual__2026-02-23T01:32:05.715044+00:00 [queued]>
[2026-02-23T01:42:10.450+0000] {taskinstance.py:2193} INFO - Starting attempt 3 of 3
[2026-02-23T01:42:10.454+0000] {taskinstance.py:2217} INFO - Executing <Task(PythonOperator): data_acquisition> on 2026-02-23 01:32:05.715044+00:00
[2026-02-23T01:42:10.456+0000] {standard_task_runner.py:60} INFO - Started process 141 to run task
[2026-02-23T01:42:10.458+0000] {standard_task_runner.py:87} INFO - Running: ['***', 'tasks', 'run', 'glaive_data_pipeline', 'data_acquisition', 'manual__2026-02-23T01:32:05.715044+00:00', '--job-id', '7', '--raw', '--subdir', 'DAGS_FOLDER/glaive_pipeline_dag.py', '--cfg-path', '/tmp/tmp41ngnms7']
[2026-02-23T01:42:10.459+0000] {standard_task_runner.py:88} INFO - Job 7: Subtask data_acquisition
[2026-02-23T01:42:10.476+0000] {task_command.py:423} INFO - Running <TaskInstance: glaive_data_pipeline.data_acquisition manual__2026-02-23T01:32:05.715044+00:00 [running]> on host dc06b5d903a6
[2026-02-23T01:42:10.495+0000] {taskinstance.py:2513} INFO - Exporting env vars: AIRFLOW_CTX_DAG_OWNER='bhanu_harsha' AIRFLOW_CTX_DAG_ID='glaive_data_pipeline' AIRFLOW_CTX_TASK_ID='data_acquisition' AIRFLOW_CTX_EXECUTION_DATE='2026-02-23T01:32:05.715044+00:00' AIRFLOW_CTX_TRY_NUMBER='3' AIRFLOW_CTX_DAG_RUN_ID='manual__2026-02-23T01:32:05.715044+00:00'
[2026-02-23T01:42:10.569+0000] {data_acquisition.py:42} INFO - Starting streaming from HuggingFace: glaiveai/glaive-function-calling-v2
[2026-02-23T01:42:11.606+0000] {data_acquisition.py:55} INFO - Collecting 5000 samples...
[2026-02-23T01:42:20.062+0000] {data_acquisition.py:62} INFO -   Collected 500 / 5000 records
[2026-02-23T01:42:20.079+0000] {data_acquisition.py:62} INFO -   Collected 1000 / 5000 records
[2026-02-23T01:42:20.093+0000] {data_acquisition.py:62} INFO -   Collected 1500 / 5000 records
[2026-02-23T01:42:20.105+0000] {data_acquisition.py:62} INFO -   Collected 2000 / 5000 records
[2026-02-23T01:42:20.118+0000] {data_acquisition.py:62} INFO -   Collected 2500 / 5000 records
[2026-02-23T01:42:20.131+0000] {data_acquisition.py:62} INFO -   Collected 3000 / 5000 records
[2026-02-23T01:42:20.144+0000] {data_acquisition.py:62} INFO -   Collected 3500 / 5000 records
[2026-02-23T01:42:20.157+0000] {data_acquisition.py:62} INFO -   Collected 4000 / 5000 records
[2026-02-23T01:42:20.169+0000] {data_acquisition.py:62} INFO -   Collected 4500 / 5000 records
[2026-02-23T01:42:20.182+0000] {data_acquisition.py:62} INFO -   Collected 5000 / 5000 records
[2026-02-23T01:42:20.182+0000] {data_acquisition.py:64} INFO - Saving 5000 records to /opt/airflow/data/raw/glaive_raw.jsonl
[2026-02-23T01:42:20.282+0000] {data_acquisition.py:69} INFO - Data acquisition complete. Records saved: 5000
[2026-02-23T01:42:20.283+0000] {glaive_pipeline_dag.py:51} INFO - Acquired 5000 records
[2026-02-23T01:42:20.306+0000] {python.py:202} INFO - Done. Returned value was: 5000
[2026-02-23T01:42:20.346+0000] {taskinstance.py:1149} INFO - Marking task as SUCCESS. dag_id=glaive_data_pipeline, task_id=data_acquisition, execution_date=20260223T013205, start_date=20260223T014210, end_date=20260223T014220
[2026-02-23T01:42:20.423+0000] {local_task_job_runner.py:234} INFO - Task exited with return code 0
[2026-02-23T01:42:20.457+0000] {taskinstance.py:3312} INFO - 1 downstream tasks scheduled from follow-on schedule check
