[2026-02-23T01:46:24.428+0000] {taskinstance.py:1979} INFO - Dependencies all met for dep_context=non-requeueable deps ti=<TaskInstance: glaive_data_pipeline.preprocessing manual__2026-02-23T01:32:05.715044+00:00 [queued]>
[2026-02-23T01:46:24.430+0000] {taskinstance.py:1979} INFO - Dependencies all met for dep_context=requeueable deps ti=<TaskInstance: glaive_data_pipeline.preprocessing manual__2026-02-23T01:32:05.715044+00:00 [queued]>
[2026-02-23T01:46:24.431+0000] {taskinstance.py:2193} INFO - Starting attempt 2 of 4
[2026-02-23T01:46:24.435+0000] {taskinstance.py:2217} INFO - Executing <Task(PythonOperator): preprocessing> on 2026-02-23 01:32:05.715044+00:00
[2026-02-23T01:46:24.438+0000] {standard_task_runner.py:60} INFO - Started process 177 to run task
[2026-02-23T01:46:24.440+0000] {standard_task_runner.py:87} INFO - Running: ['***', 'tasks', 'run', 'glaive_data_pipeline', 'preprocessing', 'manual__2026-02-23T01:32:05.715044+00:00', '--job-id', '11', '--raw', '--subdir', 'DAGS_FOLDER/glaive_pipeline_dag.py', '--cfg-path', '/tmp/tmprb0b_aog']
[2026-02-23T01:46:24.441+0000] {standard_task_runner.py:88} INFO - Job 11: Subtask preprocessing
[2026-02-23T01:46:24.503+0000] {task_command.py:423} INFO - Running <TaskInstance: glaive_data_pipeline.preprocessing manual__2026-02-23T01:32:05.715044+00:00 [running]> on host a9a67f04a3ee
[2026-02-23T01:46:24.548+0000] {taskinstance.py:2513} INFO - Exporting env vars: AIRFLOW_CTX_DAG_OWNER='bhanu_harsha' AIRFLOW_CTX_DAG_ID='glaive_data_pipeline' AIRFLOW_CTX_TASK_ID='preprocessing' AIRFLOW_CTX_EXECUTION_DATE='2026-02-23T01:32:05.715044+00:00' AIRFLOW_CTX_TRY_NUMBER='2' AIRFLOW_CTX_DAG_RUN_ID='manual__2026-02-23T01:32:05.715044+00:00'
[2026-02-23T01:46:24.554+0000] {taskinstance.py:2731} ERROR - Task failed with exception
Traceback (most recent call last):
  File "/home/airflow/.local/lib/python3.8/site-packages/airflow/models/taskinstance.py", line 444, in _execute_task
    result = _execute_callable(context=context, **execute_callable_kwargs)
  File "/home/airflow/.local/lib/python3.8/site-packages/airflow/models/taskinstance.py", line 414, in _execute_callable
    return execute_callable(context=context, **execute_callable_kwargs)
  File "/home/airflow/.local/lib/python3.8/site-packages/airflow/operators/python.py", line 200, in execute
    return_value = self.execute_callable()
  File "/home/airflow/.local/lib/python3.8/site-packages/airflow/operators/python.py", line 217, in execute_callable
    return self.python_callable(*self.op_args, **self.op_kwargs)
  File "/opt/airflow/dags/glaive_pipeline_dag.py", line 59, in task_preprocessing
    from preprocessing import run_preprocessing
  File "/opt/airflow/scripts/preprocessing.py", line 155, in <module>
    def process_record(record: dict) -> dict | None:
TypeError: unsupported operand type(s) for |: 'type' and 'NoneType'
[2026-02-23T01:46:24.562+0000] {taskinstance.py:1149} INFO - Marking task as UP_FOR_RETRY. dag_id=glaive_data_pipeline, task_id=preprocessing, execution_date=20260223T013205, start_date=20260223T014624, end_date=20260223T014624
[2026-02-23T01:46:24.570+0000] {standard_task_runner.py:107} ERROR - Failed to execute job 11 for task preprocessing (unsupported operand type(s) for |: 'type' and 'NoneType'; 177)
[2026-02-23T01:46:24.580+0000] {local_task_job_runner.py:234} INFO - Task exited with return code 1
[2026-02-23T01:46:24.589+0000] {taskinstance.py:3312} INFO - 0 downstream tasks scheduled from follow-on schedule check
