[2026-02-23T01:50:44.908+0000] {taskinstance.py:1979} INFO - Dependencies all met for dep_context=non-requeueable deps ti=<TaskInstance: glaive_data_pipeline.preprocessing manual__2026-02-23T01:32:05.715044+00:00 [queued]>
[2026-02-23T01:50:44.911+0000] {taskinstance.py:1979} INFO - Dependencies all met for dep_context=requeueable deps ti=<TaskInstance: glaive_data_pipeline.preprocessing manual__2026-02-23T01:32:05.715044+00:00 [queued]>
[2026-02-23T01:50:44.911+0000] {taskinstance.py:2193} INFO - Starting attempt 3 of 5
[2026-02-23T01:50:44.914+0000] {taskinstance.py:2217} INFO - Executing <Task(PythonOperator): preprocessing> on 2026-02-23 01:32:05.715044+00:00
[2026-02-23T01:50:44.917+0000] {standard_task_runner.py:60} INFO - Started process 252 to run task
[2026-02-23T01:50:44.922+0000] {standard_task_runner.py:87} INFO - Running: ['***', 'tasks', 'run', 'glaive_data_pipeline', 'preprocessing', 'manual__2026-02-23T01:32:05.715044+00:00', '--job-id', '12', '--raw', '--subdir', 'DAGS_FOLDER/glaive_pipeline_dag.py', '--cfg-path', '/tmp/tmpbf328_q2']
[2026-02-23T01:50:44.926+0000] {standard_task_runner.py:88} INFO - Job 12: Subtask preprocessing
[2026-02-23T01:50:44.951+0000] {task_command.py:423} INFO - Running <TaskInstance: glaive_data_pipeline.preprocessing manual__2026-02-23T01:32:05.715044+00:00 [running]> on host a9a67f04a3ee
[2026-02-23T01:50:44.976+0000] {taskinstance.py:2513} INFO - Exporting env vars: AIRFLOW_CTX_DAG_OWNER='bhanu_harsha' AIRFLOW_CTX_DAG_ID='glaive_data_pipeline' AIRFLOW_CTX_TASK_ID='preprocessing' AIRFLOW_CTX_EXECUTION_DATE='2026-02-23T01:32:05.715044+00:00' AIRFLOW_CTX_TRY_NUMBER='3' AIRFLOW_CTX_DAG_RUN_ID='manual__2026-02-23T01:32:05.715044+00:00'
[2026-02-23T01:50:44.980+0000] {preprocessing.py:282} INFO - Loading raw data from /opt/airflow/data/raw/glaive_raw.jsonl
[2026-02-23T01:50:45.064+0000] {preprocessing.py:290} INFO - Loaded 5000 raw records
[2026-02-23T01:50:45.132+0000] {preprocessing.py:300} INFO -   Processed 1000 / 5000 records
[2026-02-23T01:50:45.196+0000] {preprocessing.py:300} INFO -   Processed 2000 / 5000 records
[2026-02-23T01:50:45.228+0000] {preprocessing.py:300} INFO -   Processed 3000 / 5000 records
[2026-02-23T01:50:45.263+0000] {preprocessing.py:300} INFO -   Processed 4000 / 5000 records
[2026-02-23T01:50:45.298+0000] {preprocessing.py:300} INFO -   Processed 5000 / 5000 records
[2026-02-23T01:50:45.298+0000] {preprocessing.py:302} INFO - Processing complete: 5000 valid, 0 skipped
[2026-02-23T01:50:45.325+0000] {preprocessing.py:307} INFO - --- Dataset Statistics ---
[2026-02-23T01:50:45.325+0000] {preprocessing.py:308} INFO - Total records:           5000
[2026-02-23T01:50:45.330+0000] {preprocessing.py:309} INFO - Avg turns:               2.41
[2026-02-23T01:50:45.330+0000] {preprocessing.py:310} INFO - Avg calls:               0.75
[2026-02-23T01:50:45.336+0000] {preprocessing.py:311} INFO - Complexity breakdown:
complexity_tier
none         2218
simple       1351
complex       907
moderate      517
malformed       7
[2026-02-23T01:50:45.336+0000] {preprocessing.py:312} INFO - Malformed calls:         9
[2026-02-23T01:50:45.336+0000] {preprocessing.py:313} INFO - Parallel calls:          907
[2026-02-23T01:50:45.337+0000] {preprocessing.py:314} INFO - Avg defined functions:   0.56
[2026-02-23T01:50:45.337+0000] {preprocessing.py:315} INFO - Records with error handling: 337
[2026-02-23T01:50:45.337+0000] {preprocessing.py:316} INFO - Records with fn errors:      0
[2026-02-23T01:50:45.337+0000] {preprocessing.py:318} INFO - Saving processed data to /opt/airflow/data/processed/glaive_processed.jsonl
[2026-02-23T01:50:45.572+0000] {preprocessing.py:325} INFO - Preprocessing complete.
[2026-02-23T01:50:45.573+0000] {preprocessing.py:329} INFO - Remapping 5000 records to ChatML format...
[2026-02-23T01:50:45.729+0000] {preprocessing.py:337} INFO - ChatML file saved: 5000 records to /opt/airflow/data/processed/glaive_chatml.jsonl
[2026-02-23T01:50:45.731+0000] {glaive_pipeline_dag.py:66} INFO - Preprocessing complete. Shape: (5000, 15)
[2026-02-23T01:50:45.741+0000] {python.py:202} INFO - Done. Returned value was: 5000
[2026-02-23T01:50:45.749+0000] {taskinstance.py:1149} INFO - Marking task as SUCCESS. dag_id=glaive_data_pipeline, task_id=preprocessing, execution_date=20260223T013205, start_date=20260223T015044, end_date=20260223T015045
[2026-02-23T01:50:45.797+0000] {local_task_job_runner.py:234} INFO - Task exited with return code 0
[2026-02-23T01:50:45.807+0000] {taskinstance.py:3312} INFO - 1 downstream tasks scheduled from follow-on schedule check
