[2026-02-23T02:21:01.154+0000] {taskinstance.py:1979} INFO - Dependencies all met for dep_context=non-requeueable deps ti=<TaskInstance: glaive_data_pipeline.preprocessing manual__2026-02-23T02:20:52.064986+00:00 [queued]>
[2026-02-23T02:21:01.158+0000] {taskinstance.py:1979} INFO - Dependencies all met for dep_context=requeueable deps ti=<TaskInstance: glaive_data_pipeline.preprocessing manual__2026-02-23T02:20:52.064986+00:00 [queued]>
[2026-02-23T02:21:01.158+0000] {taskinstance.py:2193} INFO - Starting attempt 1 of 3
[2026-02-23T02:21:01.165+0000] {taskinstance.py:2217} INFO - Executing <Task(PythonOperator): preprocessing> on 2026-02-23 02:20:52.064986+00:00
[2026-02-23T02:21:01.168+0000] {standard_task_runner.py:60} INFO - Started process 215 to run task
[2026-02-23T02:21:01.172+0000] {standard_task_runner.py:87} INFO - Running: ['***', 'tasks', 'run', 'glaive_data_pipeline', 'preprocessing', 'manual__2026-02-23T02:20:52.064986+00:00', '--job-id', '4', '--raw', '--subdir', 'DAGS_FOLDER/glaive_pipeline_dag.py', '--cfg-path', '/tmp/tmp3lxl05cc']
[2026-02-23T02:21:01.174+0000] {standard_task_runner.py:88} INFO - Job 4: Subtask preprocessing
[2026-02-23T02:21:01.207+0000] {task_command.py:423} INFO - Running <TaskInstance: glaive_data_pipeline.preprocessing manual__2026-02-23T02:20:52.064986+00:00 [running]> on host 64e07737f5a7
[2026-02-23T02:21:01.228+0000] {taskinstance.py:2513} INFO - Exporting env vars: AIRFLOW_CTX_DAG_OWNER='bhanu_harsha' AIRFLOW_CTX_DAG_ID='glaive_data_pipeline' AIRFLOW_CTX_TASK_ID='preprocessing' AIRFLOW_CTX_EXECUTION_DATE='2026-02-23T02:20:52.064986+00:00' AIRFLOW_CTX_TRY_NUMBER='1' AIRFLOW_CTX_DAG_RUN_ID='manual__2026-02-23T02:20:52.064986+00:00'
[2026-02-23T02:21:01.230+0000] {preprocessing.py:282} INFO - Loading raw data from /opt/airflow/data/raw/glaive_raw.jsonl
[2026-02-23T02:21:01.280+0000] {preprocessing.py:290} INFO - Loaded 5000 raw records
[2026-02-23T02:21:01.313+0000] {preprocessing.py:300} INFO -   Processed 1000 / 5000 records
[2026-02-23T02:21:01.346+0000] {preprocessing.py:300} INFO -   Processed 2000 / 5000 records
[2026-02-23T02:21:01.375+0000] {preprocessing.py:300} INFO -   Processed 3000 / 5000 records
[2026-02-23T02:21:01.407+0000] {preprocessing.py:300} INFO -   Processed 4000 / 5000 records
[2026-02-23T02:21:01.437+0000] {preprocessing.py:300} INFO -   Processed 5000 / 5000 records
[2026-02-23T02:21:01.437+0000] {preprocessing.py:302} INFO - Processing complete: 5000 valid, 0 skipped
[2026-02-23T02:21:01.446+0000] {preprocessing.py:307} INFO - --- Dataset Statistics ---
[2026-02-23T02:21:01.446+0000] {preprocessing.py:308} INFO - Total records:           5000
[2026-02-23T02:21:01.449+0000] {preprocessing.py:309} INFO - Avg turns:               2.41
[2026-02-23T02:21:01.450+0000] {preprocessing.py:310} INFO - Avg calls:               0.75
[2026-02-23T02:21:01.452+0000] {preprocessing.py:311} INFO - Complexity breakdown:
complexity_tier
none         2218
simple       1351
complex       907
moderate      517
malformed       7
[2026-02-23T02:21:01.452+0000] {preprocessing.py:312} INFO - Malformed calls:         9
[2026-02-23T02:21:01.452+0000] {preprocessing.py:313} INFO - Parallel calls:          907
[2026-02-23T02:21:01.452+0000] {preprocessing.py:314} INFO - Avg defined functions:   0.56
[2026-02-23T02:21:01.452+0000] {preprocessing.py:315} INFO - Records with error handling: 337
[2026-02-23T02:21:01.452+0000] {preprocessing.py:316} INFO - Records with fn errors:      0
[2026-02-23T02:21:01.452+0000] {preprocessing.py:318} INFO - Saving processed data to /opt/airflow/data/processed/glaive_processed.jsonl
[2026-02-23T02:21:01.627+0000] {preprocessing.py:325} INFO - Preprocessing complete.
[2026-02-23T02:21:01.628+0000] {preprocessing.py:329} INFO - Remapping 5000 records to ChatML format...
[2026-02-23T02:21:01.782+0000] {preprocessing.py:337} INFO - ChatML file saved: 5000 records to /opt/airflow/data/processed/glaive_chatml.jsonl
[2026-02-23T02:21:01.784+0000] {glaive_pipeline_dag.py:66} INFO - Preprocessing complete. Shape: (5000, 15)
[2026-02-23T02:21:01.797+0000] {python.py:202} INFO - Done. Returned value was: 5000
[2026-02-23T02:21:01.804+0000] {taskinstance.py:1149} INFO - Marking task as SUCCESS. dag_id=glaive_data_pipeline, task_id=preprocessing, execution_date=20260223T022052, start_date=20260223T022101, end_date=20260223T022101
[2026-02-23T02:21:01.847+0000] {local_task_job_runner.py:234} INFO - Task exited with return code 0
[2026-02-23T02:21:01.859+0000] {taskinstance.py:3312} INFO - 1 downstream tasks scheduled from follow-on schedule check
