[2026-02-23T02:20:53.859+0000] {taskinstance.py:1979} INFO - Dependencies all met for dep_context=non-requeueable deps ti=<TaskInstance: glaive_data_pipeline.data_acquisition manual__2026-02-23T02:20:52.064986+00:00 [queued]>
[2026-02-23T02:20:53.862+0000] {taskinstance.py:1979} INFO - Dependencies all met for dep_context=requeueable deps ti=<TaskInstance: glaive_data_pipeline.data_acquisition manual__2026-02-23T02:20:52.064986+00:00 [queued]>
[2026-02-23T02:20:53.862+0000] {taskinstance.py:2193} INFO - Starting attempt 1 of 3
[2026-02-23T02:20:53.866+0000] {taskinstance.py:2217} INFO - Executing <Task(PythonOperator): data_acquisition> on 2026-02-23 02:20:52.064986+00:00
[2026-02-23T02:20:53.869+0000] {standard_task_runner.py:60} INFO - Started process 190 to run task
[2026-02-23T02:20:53.871+0000] {standard_task_runner.py:87} INFO - Running: ['***', 'tasks', 'run', 'glaive_data_pipeline', 'data_acquisition', 'manual__2026-02-23T02:20:52.064986+00:00', '--job-id', '3', '--raw', '--subdir', 'DAGS_FOLDER/glaive_pipeline_dag.py', '--cfg-path', '/tmp/tmpeyiluzac']
[2026-02-23T02:20:53.873+0000] {standard_task_runner.py:88} INFO - Job 3: Subtask data_acquisition
[2026-02-23T02:20:53.891+0000] {task_command.py:423} INFO - Running <TaskInstance: glaive_data_pipeline.data_acquisition manual__2026-02-23T02:20:52.064986+00:00 [running]> on host 64e07737f5a7
[2026-02-23T02:20:53.918+0000] {taskinstance.py:2513} INFO - Exporting env vars: AIRFLOW_CTX_DAG_OWNER='bhanu_harsha' AIRFLOW_CTX_DAG_ID='glaive_data_pipeline' AIRFLOW_CTX_TASK_ID='data_acquisition' AIRFLOW_CTX_EXECUTION_DATE='2026-02-23T02:20:52.064986+00:00' AIRFLOW_CTX_TRY_NUMBER='1' AIRFLOW_CTX_DAG_RUN_ID='manual__2026-02-23T02:20:52.064986+00:00'
[2026-02-23T02:20:54.061+0000] {data_acquisition.py:42} INFO - Starting streaming from HuggingFace: glaiveai/glaive-function-calling-v2
[2026-02-23T02:20:54.518+0000] {logging_mixin.py:188} WARNING - Downloading readme:   0%|          | 0.00/106 [00:00<?, ?B/s]
[2026-02-23T02:20:54.518+0000] {logging_mixin.py:188} WARNING - Downloading readme: 100%|##########| 106/106 [00:00<00:00, 2.10MB/s]
[2026-02-23T02:20:55.032+0000] {data_acquisition.py:55} INFO - Collecting 5000 samples...
[2026-02-23T02:21:00.308+0000] {data_acquisition.py:62} INFO -   Collected 500 / 5000 records
[2026-02-23T02:21:00.311+0000] {data_acquisition.py:62} INFO -   Collected 1000 / 5000 records
[2026-02-23T02:21:00.312+0000] {data_acquisition.py:62} INFO -   Collected 1500 / 5000 records
[2026-02-23T02:21:00.314+0000] {data_acquisition.py:62} INFO -   Collected 2000 / 5000 records
[2026-02-23T02:21:00.315+0000] {data_acquisition.py:62} INFO -   Collected 2500 / 5000 records
[2026-02-23T02:21:00.317+0000] {data_acquisition.py:62} INFO -   Collected 3000 / 5000 records
[2026-02-23T02:21:00.319+0000] {data_acquisition.py:62} INFO -   Collected 3500 / 5000 records
[2026-02-23T02:21:00.321+0000] {data_acquisition.py:62} INFO -   Collected 4000 / 5000 records
[2026-02-23T02:21:00.323+0000] {data_acquisition.py:62} INFO -   Collected 4500 / 5000 records
[2026-02-23T02:21:00.329+0000] {data_acquisition.py:62} INFO -   Collected 5000 / 5000 records
[2026-02-23T02:21:00.350+0000] {data_acquisition.py:64} INFO - Saving 5000 records to /opt/airflow/data/raw/glaive_raw.jsonl
[2026-02-23T02:21:00.512+0000] {data_acquisition.py:69} INFO - Data acquisition complete. Records saved: 5000
[2026-02-23T02:21:00.513+0000] {glaive_pipeline_dag.py:51} INFO - Acquired 5000 records
[2026-02-23T02:21:00.524+0000] {python.py:202} INFO - Done. Returned value was: 5000
[2026-02-23T02:21:00.534+0000] {taskinstance.py:1149} INFO - Marking task as SUCCESS. dag_id=glaive_data_pipeline, task_id=data_acquisition, execution_date=20260223T022052, start_date=20260223T022053, end_date=20260223T022100
[2026-02-23T02:21:00.562+0000] {local_task_job_runner.py:234} INFO - Task exited with return code 0
[2026-02-23T02:21:00.578+0000] {taskinstance.py:3312} INFO - 1 downstream tasks scheduled from follow-on schedule check
