[2026-02-23T01:00:57.007+0000] {taskinstance.py:1979} INFO - Dependencies all met for dep_context=non-requeueable deps ti=<TaskInstance: glaive_data_pipeline.data_acquisition manual__2026-02-23T01:00:55.785656+00:00 [queued]>
[2026-02-23T01:00:57.009+0000] {taskinstance.py:1979} INFO - Dependencies all met for dep_context=requeueable deps ti=<TaskInstance: glaive_data_pipeline.data_acquisition manual__2026-02-23T01:00:55.785656+00:00 [queued]>
[2026-02-23T01:00:57.009+0000] {taskinstance.py:2193} INFO - Starting attempt 1 of 3
[2026-02-23T01:00:57.013+0000] {taskinstance.py:2217} INFO - Executing <Task(PythonOperator): data_acquisition> on 2026-02-23 01:00:55.785656+00:00
[2026-02-23T01:00:57.015+0000] {standard_task_runner.py:60} INFO - Started process 286 to run task
[2026-02-23T01:00:57.016+0000] {standard_task_runner.py:87} INFO - Running: ['***', 'tasks', 'run', 'glaive_data_pipeline', 'data_acquisition', 'manual__2026-02-23T01:00:55.785656+00:00', '--job-id', '5', '--raw', '--subdir', 'DAGS_FOLDER/glaive_pipeline_dag.py', '--cfg-path', '/tmp/tmpgs9yrfu4']
[2026-02-23T01:00:57.018+0000] {standard_task_runner.py:88} INFO - Job 5: Subtask data_acquisition
[2026-02-23T01:00:57.036+0000] {task_command.py:423} INFO - Running <TaskInstance: glaive_data_pipeline.data_acquisition manual__2026-02-23T01:00:55.785656+00:00 [running]> on host 88fc6a7b5ee0
[2026-02-23T01:00:57.055+0000] {taskinstance.py:2513} INFO - Exporting env vars: AIRFLOW_CTX_DAG_OWNER='bhanu_harsha' AIRFLOW_CTX_DAG_ID='glaive_data_pipeline' AIRFLOW_CTX_TASK_ID='data_acquisition' AIRFLOW_CTX_EXECUTION_DATE='2026-02-23T01:00:55.785656+00:00' AIRFLOW_CTX_TRY_NUMBER='1' AIRFLOW_CTX_DAG_RUN_ID='manual__2026-02-23T01:00:55.785656+00:00'
[2026-02-23T01:00:57.057+0000] {taskinstance.py:2731} ERROR - Task failed with exception
Traceback (most recent call last):
  File "/home/airflow/.local/lib/python3.8/site-packages/airflow/models/taskinstance.py", line 444, in _execute_task
    result = _execute_callable(context=context, **execute_callable_kwargs)
  File "/home/airflow/.local/lib/python3.8/site-packages/airflow/models/taskinstance.py", line 414, in _execute_callable
    return execute_callable(context=context, **execute_callable_kwargs)
  File "/home/airflow/.local/lib/python3.8/site-packages/airflow/operators/python.py", line 200, in execute
    return_value = self.execute_callable()
  File "/home/airflow/.local/lib/python3.8/site-packages/airflow/operators/python.py", line 217, in execute_callable
    return self.python_callable(*self.op_args, **self.op_kwargs)
  File "/opt/airflow/dags/glaive_pipeline_dag.py", line 43, in task_data_acquisition
    from data_acquisition import fetch_and_save
ModuleNotFoundError: No module named 'data_acquisition'
[2026-02-23T01:00:57.059+0000] {taskinstance.py:1149} INFO - Marking task as UP_FOR_RETRY. dag_id=glaive_data_pipeline, task_id=data_acquisition, execution_date=20260223T010055, start_date=20260223T010057, end_date=20260223T010057
[2026-02-23T01:00:57.062+0000] {standard_task_runner.py:107} ERROR - Failed to execute job 5 for task data_acquisition (No module named 'data_acquisition'; 286)
[2026-02-23T01:00:57.076+0000] {local_task_job_runner.py:234} INFO - Task exited with return code 1
[2026-02-23T01:00:57.083+0000] {taskinstance.py:3312} INFO - 0 downstream tasks scheduled from follow-on schedule check
